{
  "RSpec": {
    "coverage": {
      "/home/eduard/apps/StadiumGoodsApi/spec/requests/social_networks_api_spec.rb": {
        "lines": [
          null,
          null,
          1,
          null,
          1,
          1,
          1,
          1,
          2,
          2,
          2,
          2,
          null,
          null,
          1,
          null,
          1,
          1,
          null,
          null,
          null,
          null,
          null,
          null,
          null,
          null,
          null,
          null,
          null,
          1,
          1,
          2,
          2,
          2,
          2,
          null,
          1,
          null,
          1,
          1,
          null,
          null,
          null,
          null,
          null,
          null,
          null,
          null,
          null,
          1,
          1,
          2,
          2,
          2,
          2,
          null,
          1,
          null,
          1,
          1,
          null,
          null,
          null,
          null,
          null,
          1,
          1,
          2,
          2,
          2,
          2,
          null,
          1,
          null,
          1,
          1,
          null,
          null,
          null,
          null,
          null,
          null,
          null,
          null,
          null,
          1,
          1,
          2,
          2,
          2,
          2,
          null,
          1,
          null,
          1,
          1,
          null,
          null,
          null,
          null,
          null,
          null,
          null,
          null,
          null,
          1,
          1,
          2,
          2,
          2,
          2,
          null,
          1,
          null,
          1,
          1,
          null,
          null,
          null,
          null,
          null,
          null
        ]
      },
      "/home/eduard/apps/StadiumGoodsApi/spec/rails_helper.rb": {
        "lines": [
          null,
          null,
          null,
          1,
          1,
          null,
          1,
          null,
          null,
          1,
          1,
          null,
          null,
          null,
          null,
          null,
          null,
          null,
          null,
          null,
          null,
          null,
          null,
          null,
          null,
          null,
          5,
          null,
          1,
          null,
          null,
          null,
          null,
          null,
          null,
          null,
          null,
          null,
          null,
          null,
          null,
          null,
          1,
          null,
          null,
          1,
          null,
          null,
          null,
          1
        ]
      },
      "/home/eduard/apps/StadiumGoodsApi/config/environment.rb": {
        "lines": [
          null,
          null,
          null,
          1,
          null,
          null,
          1
        ]
      },
      "/home/eduard/apps/StadiumGoodsApi/config/application.rb": {
        "lines": [
          null,
          null,
          1,
          null,
          1,
          null,
          1,
          1,
          null,
          null,
          1,
          1,
          null,
          null,
          1,
          1,
          1,
          1,
          null,
          null,
          null,
          1,
          null,
          1,
          1,
          null,
          1,
          null,
          null,
          null,
          null,
          null,
          null,
          null
        ]
      },
      "/home/eduard/apps/StadiumGoodsApi/config/boot.rb": {
        "lines": [
          null,
          null,
          1,
          null,
          1,
          1
        ]
      },
      "/home/eduard/apps/StadiumGoodsApi/config/environments/test.rb": {
        "lines": [
          null,
          null,
          null,
          null,
          null,
          null,
          null,
          1,
          null,
          null,
          1,
          null,
          null,
          null,
          null,
          1,
          null,
          null,
          1,
          1,
          null,
          null,
          null,
          null,
          1,
          1,
          1,
          null,
          null,
          1,
          null,
          null,
          1,
          null,
          1,
          null,
          null,
          null,
          null,
          1,
          null,
          null,
          1,
          null,
          null,
          null,
          null
        ]
      },
      "/home/eduard/apps/StadiumGoodsApi/config/initializers/application_controller_renderer.rb": {
        "lines": [
          null,
          null,
          null,
          null,
          null,
          null,
          null,
          null,
          null
        ]
      },
      "/home/eduard/apps/StadiumGoodsApi/config/initializers/assets.rb": {
        "lines": [
          null,
          null,
          null,
          null,
          null,
          1,
          null,
          null,
          null,
          null,
          1,
          null,
          null,
          null,
          null,
          null
        ]
      },
      "/home/eduard/apps/StadiumGoodsApi/config/initializers/backtrace_silencers.rb": {
        "lines": [
          null,
          null,
          null,
          null,
          null,
          null,
          null,
          null
        ]
      },
      "/home/eduard/apps/StadiumGoodsApi/config/initializers/content_security_policy.rb": {
        "lines": [
          null,
          null,
          null,
          null,
          null,
          null,
          null,
          null,
          null,
          null,
          null,
          null,
          null,
          null,
          null,
          null,
          null,
          null,
          null,
          null,
          null,
          null,
          null,
          null,
          null,
          null,
          null,
          null,
          null,
          null,
          null
        ]
      },
      "/home/eduard/apps/StadiumGoodsApi/config/initializers/cookies_serializer.rb": {
        "lines": [
          null,
          null,
          null,
          null,
          null,
          null,
          1
        ]
      },
      "/home/eduard/apps/StadiumGoodsApi/config/initializers/filter_parameter_logging.rb": {
        "lines": [
          null,
          null,
          null,
          null,
          null,
          1
        ]
      },
      "/home/eduard/apps/StadiumGoodsApi/config/initializers/inflections.rb": {
        "lines": [
          null,
          null,
          null,
          null,
          null,
          null,
          null,
          null,
          null,
          null,
          null,
          null,
          null,
          null,
          null,
          null,
          null
        ]
      },
      "/home/eduard/apps/StadiumGoodsApi/config/initializers/mime_types.rb": {
        "lines": [
          null,
          null,
          null,
          null,
          null
        ]
      },
      "/home/eduard/apps/StadiumGoodsApi/config/initializers/swagger.rb": {
        "lines": [
          null,
          null,
          1,
          1,
          1,
          0,
          null
        ]
      },
      "/home/eduard/apps/StadiumGoodsApi/config/initializers/wrap_parameters.rb": {
        "lines": [
          null,
          null,
          null,
          null,
          null,
          null,
          null,
          null,
          1,
          2,
          null
        ]
      },
      "/home/eduard/apps/StadiumGoodsApi/config/routes.rb": {
        "lines": [
          null,
          null,
          1,
          1,
          1,
          null
        ]
      },
      "/home/eduard/apps/StadiumGoodsApi/app/controllers/api/v1.rb": {
        "lines": [
          null,
          null,
          1,
          null,
          1,
          1,
          1,
          1,
          1,
          null,
          1,
          0,
          null,
          null,
          1,
          0,
          null,
          null,
          1,
          1,
          0,
          null,
          null,
          null,
          1,
          12,
          null,
          null,
          1,
          null,
          1,
          null,
          null,
          null,
          null,
          null,
          null,
          null,
          null,
          null,
          null,
          null,
          null,
          null,
          null
        ]
      },
      "/home/eduard/apps/StadiumGoodsApi/app/controllers/api/social_networks_api.rb": {
        "lines": [
          null,
          null,
          1,
          1,
          1,
          null,
          1,
          1,
          12,
          12,
          null,
          null,
          null,
          null,
          null
        ]
      },
      "/home/eduard/apps/StadiumGoodsApi/app/helpers/application_helper.rb": {
        "lines": [
          null,
          null,
          1,
          null
        ]
      },
      "/home/eduard/apps/StadiumGoodsApi/spec/support/request_helper.rb": {
        "lines": [
          null,
          null,
          1,
          1,
          6,
          null,
          null,
          null,
          1,
          1,
          null
        ]
      },
      "/home/eduard/apps/StadiumGoodsApi/spec/support/shared_examples/response_statuses.rb": {
        "lines": [
          null,
          null,
          1,
          6,
          6,
          null,
          null
        ]
      },
      "/home/eduard/apps/StadiumGoodsApi/spec/support/shared_examples/set_request_maker.rb": {
        "lines": [
          null,
          null,
          1,
          3,
          3,
          null,
          null,
          3,
          3,
          null,
          null,
          3,
          3,
          null,
          null
        ]
      },
      "/home/eduard/apps/StadiumGoodsApi/spec/support/social_api_stub_helper.rb": {
        "lines": [
          null,
          null,
          1,
          1,
          1,
          null,
          1,
          1,
          null,
          null,
          null,
          1,
          1,
          null,
          null,
          null,
          null,
          null,
          null,
          1,
          12,
          null,
          null,
          1,
          5,
          null,
          null,
          1,
          7,
          null,
          null,
          1,
          5,
          null,
          null,
          1,
          3,
          null,
          null,
          1,
          7,
          null,
          null,
          1,
          6,
          null,
          null,
          1,
          2,
          null,
          null,
          1,
          2,
          null,
          null,
          1,
          12,
          null,
          null,
          1,
          19,
          null,
          null,
          1,
          8,
          null,
          null,
          1,
          42,
          null,
          null,
          null,
          1,
          10,
          null,
          null,
          null,
          null,
          1,
          1,
          null
        ]
      },
      "/home/eduard/apps/StadiumGoodsApi/spec/serializers/social_networks_serializer_spec.rb": {
        "lines": [
          null,
          null,
          1,
          null,
          1,
          1,
          3,
          null,
          null,
          1,
          3,
          null,
          null,
          1,
          1,
          1,
          1,
          1,
          1,
          null,
          null,
          1,
          1,
          null,
          null,
          null,
          null,
          null,
          1,
          1,
          1,
          1,
          1,
          null,
          null,
          1,
          1,
          null,
          null,
          null,
          null,
          null,
          1,
          1,
          1,
          1,
          1,
          null,
          null,
          1,
          1,
          null,
          null,
          null,
          null,
          null,
          null
        ]
      },
      "/home/eduard/apps/StadiumGoodsApi/app/serializers/social_networks_serializer.rb": {
        "lines": [
          null,
          null,
          1,
          1,
          null,
          1,
          12,
          null,
          null,
          1,
          15,
          null,
          null,
          1,
          15,
          null,
          null,
          null,
          null,
          1,
          null,
          1,
          45,
          null,
          2,
          null,
          null
        ]
      },
      "/home/eduard/apps/StadiumGoodsApi/spec/services/api_check/facebook_spec.rb": {
        "lines": [
          null,
          null,
          1,
          null,
          1,
          1,
          8,
          null,
          null,
          8,
          null,
          1,
          1,
          1,
          1,
          null,
          null,
          null,
          1,
          1,
          1,
          1,
          null,
          1,
          1,
          null,
          null,
          null,
          1,
          1,
          1,
          null,
          1,
          1,
          null,
          null,
          1,
          1,
          null,
          null,
          null,
          1,
          null,
          null,
          1,
          2,
          null,
          1,
          1,
          null,
          null,
          null,
          1,
          null,
          null,
          null,
          null
        ]
      },
      "/home/eduard/apps/StadiumGoodsApi/app/services/api_check/facebook.rb": {
        "lines": [
          null,
          null,
          1,
          1,
          1,
          null,
          1,
          22,
          null,
          null,
          1,
          36,
          null,
          null,
          null
        ]
      },
      "/home/eduard/apps/StadiumGoodsApi/app/services/api_check/base.rb": {
        "lines": [
          null,
          null,
          1,
          1,
          1,
          null,
          1,
          null,
          1,
          108,
          108,
          null,
          null,
          null,
          null,
          1,
          84,
          60,
          null,
          null,
          null,
          1,
          null,
          1,
          108,
          null,
          null,
          1,
          108,
          null,
          null,
          1,
          66,
          null,
          null,
          null,
          null,
          null,
          60,
          null,
          null,
          null,
          1,
          0,
          null,
          null,
          1,
          0,
          null,
          null,
          null
        ]
      },
      "/home/eduard/apps/StadiumGoodsApi/spec/services/api_check/instagram_spec.rb": {
        "lines": [
          null,
          null,
          1,
          null,
          1,
          1,
          8,
          null,
          null,
          8,
          null,
          1,
          1,
          1,
          1,
          null,
          null,
          null,
          1,
          1,
          1,
          1,
          null,
          1,
          1,
          null,
          null,
          null,
          1,
          1,
          1,
          null,
          1,
          1,
          null,
          null,
          1,
          1,
          null,
          null,
          null,
          1,
          null,
          null,
          1,
          2,
          null,
          1,
          1,
          null,
          null,
          null,
          1,
          null,
          null,
          null,
          null
        ]
      },
      "/home/eduard/apps/StadiumGoodsApi/app/services/api_check/instagram.rb": {
        "lines": [
          null,
          null,
          1,
          1,
          1,
          null,
          1,
          20,
          null,
          null,
          1,
          36,
          null,
          null,
          null
        ]
      },
      "/home/eduard/apps/StadiumGoodsApi/spec/services/api_check/twitter_spec.rb": {
        "lines": [
          null,
          null,
          1,
          null,
          1,
          1,
          8,
          null,
          null,
          8,
          null,
          1,
          1,
          1,
          1,
          null,
          null,
          null,
          1,
          1,
          1,
          1,
          null,
          1,
          1,
          null,
          null,
          null,
          1,
          1,
          1,
          null,
          1,
          1,
          null,
          null,
          1,
          1,
          null,
          null,
          null,
          1,
          null,
          null,
          1,
          2,
          null,
          1,
          1,
          null,
          null,
          null,
          1,
          null,
          null,
          null,
          null
        ]
      },
      "/home/eduard/apps/StadiumGoodsApi/app/services/api_check/twitter.rb": {
        "lines": [
          null,
          null,
          1,
          1,
          1,
          null,
          1,
          24,
          null,
          null,
          1,
          36,
          null,
          null,
          null
        ]
      },
      "/home/eduard/apps/StadiumGoodsApi/spec/services/cuncurrency_request_maker_spec.rb": {
        "lines": [
          null,
          null,
          1,
          null,
          1,
          1,
          10,
          null,
          null,
          null,
          null,
          4,
          10,
          11,
          null,
          1,
          1,
          1,
          3,
          null,
          1,
          1,
          null,
          null,
          null,
          1,
          1,
          1,
          null,
          null,
          null,
          1,
          1,
          1,
          null,
          null,
          1,
          1,
          4,
          null,
          1,
          1,
          null,
          null,
          1,
          1,
          1,
          null,
          null,
          1,
          1,
          1,
          null,
          null,
          1,
          2,
          null,
          1,
          1,
          1,
          null,
          null,
          null,
          1,
          1,
          3,
          null,
          1,
          1,
          null,
          null,
          1,
          1,
          1,
          null,
          null,
          1,
          1,
          1,
          null,
          null,
          null,
          null
        ]
      },
      "/home/eduard/apps/StadiumGoodsApi/app/services/cuncurrency_request_maker.rb": {
        "lines": [
          null,
          null,
          1,
          1,
          null,
          null,
          null,
          null,
          null,
          null,
          1,
          118,
          118,
          118,
          118,
          118,
          null,
          null,
          1,
          70,
          674,
          null,
          70,
          null,
          null,
          null,
          1,
          null,
          1,
          1475,
          1475,
          1274,
          114,
          null,
          1160,
          null,
          null,
          null,
          null,
          null,
          1,
          114,
          114,
          24,
          24,
          24,
          24,
          null,
          null,
          90,
          null,
          null,
          null,
          1,
          1250,
          1250,
          825,
          825,
          null,
          null,
          null,
          null,
          1,
          114,
          null,
          90,
          null,
          null,
          1,
          1250,
          null,
          null,
          1,
          24,
          null,
          null
        ]
      },
      "/home/eduard/apps/StadiumGoodsApi/spec/services/social_networks_checker_spec.rb": {
        "lines": [
          null,
          null,
          1,
          null,
          1,
          1,
          13,
          null,
          null,
          11,
          null,
          1,
          1,
          1,
          null,
          null,
          1,
          1,
          null,
          null,
          1,
          2,
          null,
          1,
          1,
          null,
          null,
          null,
          null,
          1,
          1,
          1,
          null,
          null,
          1,
          1,
          null,
          null,
          1,
          2,
          null,
          1,
          1,
          null,
          null,
          null,
          null,
          1,
          1,
          1,
          null,
          null,
          1,
          1,
          null,
          null,
          1,
          2,
          null,
          1,
          1,
          null,
          null,
          null,
          null,
          1,
          1,
          1,
          1,
          1,
          1,
          null,
          null,
          null,
          1,
          1,
          1,
          1,
          null,
          null,
          null,
          1,
          1,
          1,
          1,
          null,
          null,
          null,
          1,
          1,
          1,
          1,
          null,
          null,
          null
        ]
      },
      "/home/eduard/apps/StadiumGoodsApi/app/services/social_networks_checker.rb": {
        "lines": [
          null,
          null,
          1,
          1,
          null,
          1,
          1,
          1,
          null,
          1,
          12,
          null,
          null,
          1,
          28,
          28,
          28,
          null,
          null,
          1,
          13,
          78,
          null,
          13,
          null,
          null
        ]
      }
    },
    "timestamp": 1580826450
  }
}
